This file contains any messages produced by compilers while
running configure, to aid debugging if configure makes a mistake.

It was created by cudaminer configure 2014.02.28, which was
generated by GNU Autoconf 2.69.  Invocation command line was

  $ ./configure --with-cuda=/Developer/NVIDIA/CUDA-5.5

## --------- ##
## Platform. ##
## --------- ##

hostname = LON03863
uname -m = x86_64
uname -r = 13.4.0
uname -s = Darwin
uname -v = Darwin Kernel Version 13.4.0: Sun Aug 17 19:50:11 PDT 2014; root:xnu-2422.115.4~1/RELEASE_X86_64

/usr/bin/uname -p = i386
/bin/uname -X     = unknown

/bin/arch              = unknown
/usr/bin/arch -k       = unknown
/usr/convex/getsysinfo = unknown
/usr/bin/hostinfo      = Mach kernel version:
	 Darwin Kernel Version 13.4.0: Sun Aug 17 19:50:11 PDT 2014; root:xnu-2422.115.4~1/RELEASE_X86_64
Kernel configured for up to 8 processors.
4 processors are physically available.
8 processors are logically available.
Processor type: i486 (Intel 80486)
Processors active: 0 1 2 3 4 5 6 7
Primary memory available: 16.00 gigabytes
Default processor set: 219 tasks, 1225 threads, 8 processors
Load average: 1.84, Mach factor: 6.15
/bin/machine           = unknown
/usr/bin/oslevel       = unknown
/bin/universe          = unknown

PATH: /Developer/NVIDIA/CUDA-6.0/bin
PATH: /Users/jon.boydell/alttools/bin
PATH: /usr/bin
PATH: /bin
PATH: /usr/sbin
PATH: /sbin
PATH: /usr/local/bin


## ----------- ##
## Core tests. ##
## ----------- ##

configure:2368: checking build system type
configure:2382: result: i386-apple-darwin13.4.0
configure:2402: checking host system type
configure:2415: result: i386-apple-darwin13.4.0
configure:2435: checking target system type
configure:2448: result: i386-apple-darwin13.4.0
configure:2491: checking for a BSD-compatible install
configure:2559: result: /usr/bin/install -c
configure:2570: checking whether build environment is sane
configure:2607: result: yes
configure:2669: checking for gawk
configure:2699: result: no
configure:2669: checking for mawk
configure:2699: result: no
configure:2669: checking for nawk
configure:2699: result: no
configure:2669: checking for awk
configure:2685: found /usr/bin/awk
configure:2696: result: awk
configure:2707: checking whether make sets $(MAKE)
configure:2729: result: yes
configure:2910: checking whether to enable maintainer-specific portions of Makefiles
configure:2919: result: no
configure:2947: checking for style of include used by make
configure:2975: result: GNU
configure:3048: checking for gcc
configure:3064: found /Users/jon.boydell/alttools/bin/gcc
configure:3075: result: gcc
configure:3304: checking for C compiler version
configure:3313: gcc --version >&5
gcc (GCC) 4.9.1
Copyright (C) 2014 Free Software Foundation, Inc.
This is free software; see the source for copying conditions.  There is NO
warranty; not even for MERCHANTABILITY or FITNESS FOR A PARTICULAR PURPOSE.

configure:3324: $? = 0
configure:3313: gcc -v >&5
Using built-in specs.
COLLECT_GCC=gcc
COLLECT_LTO_WRAPPER=/Users/jon.boydell/alttools/libexec/gcc/x86_64-apple-darwin13.2.0/4.9.1/lto-wrapper
Target: x86_64-apple-darwin13.2.0
Configured with: ../configure --prefix=/Users/jon.boydell/alttools
Thread model: posix
gcc version 4.9.1 (GCC) 
configure:3324: $? = 0
configure:3313: gcc -V >&5
gcc: error: unrecognized command line option '-V'
gcc: fatal error: no input files
compilation terminated.
configure:3324: $? = 1
configure:3313: gcc -qversion >&5
gcc: error: unrecognized command line option '-qversion'
gcc: fatal error: no input files
compilation terminated.
configure:3324: $? = 1
configure:3344: checking whether the C compiler works
configure:3366: gcc -Wa,-q   conftest.c  >&5
configure:3370: $? = 0
configure:3418: result: yes
configure:3421: checking for C compiler default output file name
configure:3423: result: a.out
configure:3429: checking for suffix of executables
configure:3436: gcc -o conftest -Wa,-q   conftest.c  >&5
configure:3440: $? = 0
configure:3462: result: 
configure:3484: checking whether we are cross compiling
configure:3492: gcc -o conftest -Wa,-q   conftest.c  >&5
configure:3496: $? = 0
configure:3503: ./conftest
configure:3507: $? = 0
configure:3522: result: no
configure:3527: checking for suffix of object files
configure:3549: gcc -c -Wa,-q  conftest.c >&5
configure:3553: $? = 0
configure:3574: result: o
configure:3578: checking whether we are using the GNU C compiler
configure:3597: gcc -c -Wa,-q  conftest.c >&5
configure:3597: $? = 0
configure:3606: result: yes
configure:3615: checking whether gcc accepts -g
configure:3635: gcc -c -g  conftest.c >&5
configure:3635: $? = 0
configure:3676: result: yes
configure:3693: checking for gcc option to accept ISO C89
configure:3756: gcc  -c -Wa,-q  conftest.c >&5
configure:3756: $? = 0
configure:3769: result: none needed
configure:3791: checking dependency style of gcc
configure:3881: result: gcc3
configure:3898: checking for gcc option to accept ISO C99
configure:4047: gcc  -c -Wa,-q  conftest.c >&5
conftest.c:61:29: error: expected ';', ',' or ')' before 'text'
 test_restrict (ccp restrict text)
                             ^
conftest.c: In function 'main':
conftest.c:115:18: error: expected '=', ',', ';', 'asm' or '__attribute__' before 'newvar'
   char *restrict newvar = "Another string";
                  ^
conftest.c:115:18: error: 'newvar' undeclared (first use in this function)
conftest.c:115:18: note: each undeclared identifier is reported only once for each function it appears in
conftest.c:125:3: error: 'for' loop initial declarations are only allowed in C99 or C11 mode
   for (int i = 0; i < ia->datasize; ++i)
   ^
conftest.c:125:3: note: use option -std=c99, -std=gnu99, -std=c11 or -std=gnu11 to compile your code
configure:4047: $? = 1
configure: failed program was:
| /* confdefs.h */
| #define PACKAGE_NAME "cudaminer"
| #define PACKAGE_TARNAME "cudaminer"
| #define PACKAGE_VERSION "2014.02.28"
| #define PACKAGE_STRING "cudaminer 2014.02.28"
| #define PACKAGE_BUGREPORT ""
| #define PACKAGE_URL ""
| #define PACKAGE "cudaminer"
| #define VERSION "2014.02.28"
| /* end confdefs.h.  */
| #include <stdarg.h>
| #include <stdbool.h>
| #include <stdlib.h>
| #include <wchar.h>
| #include <stdio.h>
| 
| // Check varargs macros.  These examples are taken from C99 6.10.3.5.
| #define debug(...) fprintf (stderr, __VA_ARGS__)
| #define showlist(...) puts (#__VA_ARGS__)
| #define report(test,...) ((test) ? puts (#test) : printf (__VA_ARGS__))
| static void
| test_varargs_macros (void)
| {
|   int x = 1234;
|   int y = 5678;
|   debug ("Flag");
|   debug ("X = %d\n", x);
|   showlist (The first, second, and third items.);
|   report (x>y, "x is %d but y is %d", x, y);
| }
| 
| // Check long long types.
| #define BIG64 18446744073709551615ull
| #define BIG32 4294967295ul
| #define BIG_OK (BIG64 / BIG32 == 4294967297ull && BIG64 % BIG32 == 0)
| #if !BIG_OK
|   your preprocessor is broken;
| #endif
| #if BIG_OK
| #else
|   your preprocessor is broken;
| #endif
| static long long int bignum = -9223372036854775807LL;
| static unsigned long long int ubignum = BIG64;
| 
| struct incomplete_array
| {
|   int datasize;
|   double data[];
| };
| 
| struct named_init {
|   int number;
|   const wchar_t *name;
|   double average;
| };
| 
| typedef const char *ccp;
| 
| static inline int
| test_restrict (ccp restrict text)
| {
|   // See if C++-style comments work.
|   // Iterate through items via the restricted pointer.
|   // Also check for declarations in for loops.
|   for (unsigned int i = 0; *(text+i) != '\0'; ++i)
|     continue;
|   return 0;
| }
| 
| // Check varargs and va_copy.
| static void
| test_varargs (const char *format, ...)
| {
|   va_list args;
|   va_start (args, format);
|   va_list args_copy;
|   va_copy (args_copy, args);
| 
|   const char *str;
|   int number;
|   float fnumber;
| 
|   while (*format)
|     {
|       switch (*format++)
| 	{
| 	case 's': // string
| 	  str = va_arg (args_copy, const char *);
| 	  break;
| 	case 'd': // int
| 	  number = va_arg (args_copy, int);
| 	  break;
| 	case 'f': // float
| 	  fnumber = va_arg (args_copy, double);
| 	  break;
| 	default:
| 	  break;
| 	}
|     }
|   va_end (args_copy);
|   va_end (args);
| }
| 
| int
| main ()
| {
| 
|   // Check bool.
|   _Bool success = false;
| 
|   // Check restrict.
|   if (test_restrict ("String literal") == 0)
|     success = true;
|   char *restrict newvar = "Another string";
| 
|   // Check varargs.
|   test_varargs ("s, d' f .", "string", 65, 34.234);
|   test_varargs_macros ();
| 
|   // Check flexible array members.
|   struct incomplete_array *ia =
|     malloc (sizeof (struct incomplete_array) + (sizeof (double) * 10));
|   ia->datasize = 10;
|   for (int i = 0; i < ia->datasize; ++i)
|     ia->data[i] = i * 1.234;
| 
|   // Check named initializers.
|   struct named_init ni = {
|     .number = 34,
|     .name = L"Test wide string",
|     .average = 543.34343,
|   };
| 
|   ni.number = 58;
| 
|   int dynamic_array[ni.number];
|   dynamic_array[ni.number - 1] = 543;
| 
|   // work around unused variable warnings
|   return (!success || bignum == 0LL || ubignum == 0uLL || newvar[0] == 'x'
| 	  || dynamic_array[ni.number - 1] != 543);
| 
|   ;
|   return 0;
| }
configure:4047: gcc -std=gnu99 -c -Wa,-q  conftest.c >&5
configure:4047: $? = 0
configure:4067: result: -std=gnu99
configure:4081: checking how to run the C preprocessor
configure:4112: gcc -std=gnu99 -E  conftest.c
configure:4112: $? = 0
configure:4126: gcc -std=gnu99 -E  conftest.c
conftest.c:11:28: fatal error: ac_nonexistent.h: No such file or directory
 #include <ac_nonexistent.h>
                            ^
compilation terminated.
configure:4126: $? = 1
configure: failed program was:
| /* confdefs.h */
| #define PACKAGE_NAME "cudaminer"
| #define PACKAGE_TARNAME "cudaminer"
| #define PACKAGE_VERSION "2014.02.28"
| #define PACKAGE_STRING "cudaminer 2014.02.28"
| #define PACKAGE_BUGREPORT ""
| #define PACKAGE_URL ""
| #define PACKAGE "cudaminer"
| #define VERSION "2014.02.28"
| /* end confdefs.h.  */
| #include <ac_nonexistent.h>
configure:4151: result: gcc -std=gnu99 -E
configure:4171: gcc -std=gnu99 -E  conftest.c
configure:4171: $? = 0
configure:4185: gcc -std=gnu99 -E  conftest.c
conftest.c:11:28: fatal error: ac_nonexistent.h: No such file or directory
 #include <ac_nonexistent.h>
                            ^
compilation terminated.
configure:4185: $? = 1
configure: failed program was:
| /* confdefs.h */
| #define PACKAGE_NAME "cudaminer"
| #define PACKAGE_TARNAME "cudaminer"
| #define PACKAGE_VERSION "2014.02.28"
| #define PACKAGE_STRING "cudaminer 2014.02.28"
| #define PACKAGE_BUGREPORT ""
| #define PACKAGE_URL ""
| #define PACKAGE "cudaminer"
| #define VERSION "2014.02.28"
| /* end confdefs.h.  */
| #include <ac_nonexistent.h>
configure:4214: checking for grep that handles long lines and -e
configure:4272: result: /usr/bin/grep
configure:4277: checking for egrep
configure:4339: result: /usr/bin/grep -E
configure:4345: checking whether gcc -std=gnu99 needs -traditional
conftest.c:11:20: fatal error: termio.h: No such file or directory
 #include <termio.h>
                    ^
compilation terminated.
configure:4379: result: no
configure:4387: checking whether gcc -std=gnu99 and cc understand -c and -o together
configure:4418: gcc -std=gnu99 -c conftest.c -o conftest2.o >&5
configure:4422: $? = 0
configure:4428: gcc -std=gnu99 -c conftest.c -o conftest2.o >&5
configure:4432: $? = 0
configure:4443: cc -c conftest.c >&5
configure:4447: $? = 0
configure:4455: cc -c conftest.c -o conftest2.o >&5
configure:4459: $? = 0
configure:4465: cc -c conftest.c -o conftest2.o >&5
configure:4469: $? = 0
configure:4487: result: yes
configure:4560: checking for ranlib
configure:4576: found /usr/bin/ranlib
configure:4587: result: ranlib
configure:4667: checking for g++
configure:4683: found /Users/jon.boydell/alttools/bin/g++
configure:4694: result: g++
configure:4721: checking for C++ compiler version
configure:4730: g++ --version >&5
g++ (GCC) 4.9.1
Copyright (C) 2014 Free Software Foundation, Inc.
This is free software; see the source for copying conditions.  There is NO
warranty; not even for MERCHANTABILITY or FITNESS FOR A PARTICULAR PURPOSE.

configure:4741: $? = 0
configure:4730: g++ -v >&5
Using built-in specs.
COLLECT_GCC=g++
COLLECT_LTO_WRAPPER=/Users/jon.boydell/alttools/libexec/gcc/x86_64-apple-darwin13.2.0/4.9.1/lto-wrapper
Target: x86_64-apple-darwin13.2.0
Configured with: ../configure --prefix=/Users/jon.boydell/alttools
Thread model: posix
gcc version 4.9.1 (GCC) 
configure:4741: $? = 0
configure:4730: g++ -V >&5
g++: error: unrecognized command line option '-V'
g++: fatal error: no input files
compilation terminated.
configure:4741: $? = 1
configure:4730: g++ -qversion >&5
g++: error: unrecognized command line option '-qversion'
g++: fatal error: no input files
compilation terminated.
configure:4741: $? = 1
configure:4745: checking whether we are using the GNU C++ compiler
configure:4764: g++ -c   conftest.cpp >&5
configure:4764: $? = 0
configure:4773: result: yes
configure:4782: checking whether g++ accepts -g
configure:4802: g++ -c -g  conftest.cpp >&5
configure:4802: $? = 0
configure:4843: result: yes
configure:4868: checking dependency style of g++
configure:4958: result: gcc3
configure:4983: checking for gcc -std=gnu99 option to support OpenMP
configure:4998: gcc -std=gnu99 -o conftest -Wa,-q   conftest.c  >&5
conftest.c:13:2: error: unknown type name 'choke'
  choke me
  ^
In file included from conftest.c:15:0:
/Users/jon.boydell/alttools/lib/gcc/x86_64-apple-darwin13.2.0/4.9.1/include/omp.h:34:1: error: expected '=', ',', ';', 'asm' or '__attribute__' before 'typedef'
 typedef struct
 ^
configure:4998: $? = 1
configure: failed program was:
| /* confdefs.h */
| #define PACKAGE_NAME "cudaminer"
| #define PACKAGE_TARNAME "cudaminer"
| #define PACKAGE_VERSION "2014.02.28"
| #define PACKAGE_STRING "cudaminer 2014.02.28"
| #define PACKAGE_BUGREPORT ""
| #define PACKAGE_URL ""
| #define PACKAGE "cudaminer"
| #define VERSION "2014.02.28"
| /* end confdefs.h.  */
| 
| #ifndef _OPENMP
|  choke me
| #endif
| #include <omp.h>
| int main () { return omp_get_num_threads (); }
| 
configure:5016: gcc -std=gnu99 -o conftest -Wa,-q -fopenmp   conftest.c  >&5
configure:5016: $? = 0
configure:5030: result: -fopenmp
configure:5042: checking for ANSI C header files
configure:5062: gcc -std=gnu99 -c -Wa,-q  conftest.c >&5
configure:5062: $? = 0
configure:5135: gcc -std=gnu99 -o conftest -Wa,-q   conftest.c  >&5
configure:5135: $? = 0
configure:5135: ./conftest
configure:5135: $? = 0
configure:5146: result: yes
configure:5159: checking for sys/types.h
configure:5159: gcc -std=gnu99 -c -Wa,-q  conftest.c >&5
configure:5159: $? = 0
configure:5159: result: yes
configure:5159: checking for sys/stat.h
configure:5159: gcc -std=gnu99 -c -Wa,-q  conftest.c >&5
configure:5159: $? = 0
configure:5159: result: yes
configure:5159: checking for stdlib.h
configure:5159: gcc -std=gnu99 -c -Wa,-q  conftest.c >&5
configure:5159: $? = 0
configure:5159: result: yes
configure:5159: checking for string.h
configure:5159: gcc -std=gnu99 -c -Wa,-q  conftest.c >&5
configure:5159: $? = 0
configure:5159: result: yes
configure:5159: checking for memory.h
configure:5159: gcc -std=gnu99 -c -Wa,-q  conftest.c >&5
configure:5159: $? = 0
configure:5159: result: yes
configure:5159: checking for strings.h
configure:5159: gcc -std=gnu99 -c -Wa,-q  conftest.c >&5
configure:5159: $? = 0
configure:5159: result: yes
configure:5159: checking for inttypes.h
configure:5159: gcc -std=gnu99 -c -Wa,-q  conftest.c >&5
configure:5159: $? = 0
configure:5159: result: yes
configure:5159: checking for stdint.h
configure:5159: gcc -std=gnu99 -c -Wa,-q  conftest.c >&5
configure:5159: $? = 0
configure:5159: result: yes
configure:5159: checking for unistd.h
configure:5159: gcc -std=gnu99 -c -Wa,-q  conftest.c >&5
configure:5159: $? = 0
configure:5159: result: yes
configure:5174: checking sys/endian.h usability
configure:5174: gcc -std=gnu99 -c -Wa,-q  conftest.c >&5
conftest.c:54:24: fatal error: sys/endian.h: No such file or directory
 #include <sys/endian.h>
                        ^
compilation terminated.
configure:5174: $? = 1
configure: failed program was:
| /* confdefs.h */
| #define PACKAGE_NAME "cudaminer"
| #define PACKAGE_TARNAME "cudaminer"
| #define PACKAGE_VERSION "2014.02.28"
| #define PACKAGE_STRING "cudaminer 2014.02.28"
| #define PACKAGE_BUGREPORT ""
| #define PACKAGE_URL ""
| #define PACKAGE "cudaminer"
| #define VERSION "2014.02.28"
| #define STDC_HEADERS 1
| #define HAVE_SYS_TYPES_H 1
| #define HAVE_SYS_STAT_H 1
| #define HAVE_STDLIB_H 1
| #define HAVE_STRING_H 1
| #define HAVE_MEMORY_H 1
| #define HAVE_STRINGS_H 1
| #define HAVE_INTTYPES_H 1
| #define HAVE_STDINT_H 1
| #define HAVE_UNISTD_H 1
| /* end confdefs.h.  */
| #include <stdio.h>
| #ifdef HAVE_SYS_TYPES_H
| # include <sys/types.h>
| #endif
| #ifdef HAVE_SYS_STAT_H
| # include <sys/stat.h>
| #endif
| #ifdef STDC_HEADERS
| # include <stdlib.h>
| # include <stddef.h>
| #else
| # ifdef HAVE_STDLIB_H
| #  include <stdlib.h>
| # endif
| #endif
| #ifdef HAVE_STRING_H
| # if !defined STDC_HEADERS && defined HAVE_MEMORY_H
| #  include <memory.h>
| # endif
| # include <string.h>
| #endif
| #ifdef HAVE_STRINGS_H
| # include <strings.h>
| #endif
| #ifdef HAVE_INTTYPES_H
| # include <inttypes.h>
| #endif
| #ifdef HAVE_STDINT_H
| # include <stdint.h>
| #endif
| #ifdef HAVE_UNISTD_H
| # include <unistd.h>
| #endif
| #include <sys/endian.h>
configure:5174: result: no
configure:5174: checking sys/endian.h presence
configure:5174: gcc -std=gnu99 -E  conftest.c
conftest.c:21:24: fatal error: sys/endian.h: No such file or directory
 #include <sys/endian.h>
                        ^
compilation terminated.
configure:5174: $? = 1
configure: failed program was:
| /* confdefs.h */
| #define PACKAGE_NAME "cudaminer"
| #define PACKAGE_TARNAME "cudaminer"
| #define PACKAGE_VERSION "2014.02.28"
| #define PACKAGE_STRING "cudaminer 2014.02.28"
| #define PACKAGE_BUGREPORT ""
| #define PACKAGE_URL ""
| #define PACKAGE "cudaminer"
| #define VERSION "2014.02.28"
| #define STDC_HEADERS 1
| #define HAVE_SYS_TYPES_H 1
| #define HAVE_SYS_STAT_H 1
| #define HAVE_STDLIB_H 1
| #define HAVE_STRING_H 1
| #define HAVE_MEMORY_H 1
| #define HAVE_STRINGS_H 1
| #define HAVE_INTTYPES_H 1
| #define HAVE_STDINT_H 1
| #define HAVE_UNISTD_H 1
| /* end confdefs.h.  */
| #include <sys/endian.h>
configure:5174: result: no
configure:5174: checking for sys/endian.h
configure:5174: result: no
configure:5174: checking sys/param.h usability
configure:5174: gcc -std=gnu99 -c -Wa,-q  conftest.c >&5
configure:5174: $? = 0
configure:5174: result: yes
configure:5174: checking sys/param.h presence
configure:5174: gcc -std=gnu99 -E  conftest.c
configure:5174: $? = 0
configure:5174: result: yes
configure:5174: checking for sys/param.h
configure:5174: result: yes
configure:5174: checking syslog.h usability
configure:5174: gcc -std=gnu99 -c -Wa,-q  conftest.c >&5
configure:5174: $? = 0
configure:5174: result: yes
configure:5174: checking syslog.h presence
configure:5174: gcc -std=gnu99 -E  conftest.c
configure:5174: $? = 0
configure:5174: result: yes
configure:5174: checking for syslog.h
configure:5174: result: yes
configure:5188: checking for sys/sysctl.h
configure:5188: gcc -std=gnu99 -c -Wa,-q  conftest.c >&5
configure:5188: $? = 0
configure:5188: result: yes
configure:5204: checking whether be32dec is declared
configure:5204: gcc -std=gnu99 -c -Wa,-q  conftest.c >&5
conftest.c: In function 'main':
conftest.c:69:10: error: 'be32dec' undeclared (first use in this function)
   (void) be32dec;
          ^
conftest.c:69:10: note: each undeclared identifier is reported only once for each function it appears in
configure:5204: $? = 1
configure: failed program was:
| /* confdefs.h */
| #define PACKAGE_NAME "cudaminer"
| #define PACKAGE_TARNAME "cudaminer"
| #define PACKAGE_VERSION "2014.02.28"
| #define PACKAGE_STRING "cudaminer 2014.02.28"
| #define PACKAGE_BUGREPORT ""
| #define PACKAGE_URL ""
| #define PACKAGE "cudaminer"
| #define VERSION "2014.02.28"
| #define STDC_HEADERS 1
| #define HAVE_SYS_TYPES_H 1
| #define HAVE_SYS_STAT_H 1
| #define HAVE_STDLIB_H 1
| #define HAVE_STRING_H 1
| #define HAVE_MEMORY_H 1
| #define HAVE_STRINGS_H 1
| #define HAVE_INTTYPES_H 1
| #define HAVE_STDINT_H 1
| #define HAVE_UNISTD_H 1
| #define HAVE_SYS_PARAM_H 1
| #define HAVE_SYSLOG_H 1
| #define HAVE_SYS_SYSCTL_H 1
| /* end confdefs.h.  */
| #include <stdio.h>
| #ifdef HAVE_SYS_TYPES_H
| # include <sys/types.h>
| #endif
| #ifdef HAVE_SYS_STAT_H
| # include <sys/stat.h>
| #endif
| #ifdef STDC_HEADERS
| # include <stdlib.h>
| # include <stddef.h>
| #else
| # ifdef HAVE_STDLIB_H
| #  include <stdlib.h>
| # endif
| #endif
| #ifdef HAVE_STRING_H
| # if !defined STDC_HEADERS && defined HAVE_MEMORY_H
| #  include <memory.h>
| # endif
| # include <string.h>
| #endif
| #ifdef HAVE_STRINGS_H
| # include <strings.h>
| #endif
| #ifdef HAVE_INTTYPES_H
| # include <inttypes.h>
| #endif
| #ifdef HAVE_STDINT_H
| # include <stdint.h>
| #endif
| #ifdef HAVE_UNISTD_H
| # include <unistd.h>
| #endif
| #ifdef HAVE_SYS_ENDIAN_H
| #include <sys/endian.h>
| #endif
| 
| 
| int
| main ()
| {
| #ifndef be32dec
| #ifdef __cplusplus
|   (void) be32dec;
| #else
|   (void) be32dec;
| #endif
| #endif
| 
|   ;
|   return 0;
| }
configure:5204: result: no
configure:5219: checking whether le32dec is declared
configure:5219: gcc -std=gnu99 -c -Wa,-q  conftest.c >&5
conftest.c: In function 'main':
conftest.c:70:10: error: 'le32dec' undeclared (first use in this function)
   (void) le32dec;
          ^
conftest.c:70:10: note: each undeclared identifier is reported only once for each function it appears in
configure:5219: $? = 1
configure: failed program was:
| /* confdefs.h */
| #define PACKAGE_NAME "cudaminer"
| #define PACKAGE_TARNAME "cudaminer"
| #define PACKAGE_VERSION "2014.02.28"
| #define PACKAGE_STRING "cudaminer 2014.02.28"
| #define PACKAGE_BUGREPORT ""
| #define PACKAGE_URL ""
| #define PACKAGE "cudaminer"
| #define VERSION "2014.02.28"
| #define STDC_HEADERS 1
| #define HAVE_SYS_TYPES_H 1
| #define HAVE_SYS_STAT_H 1
| #define HAVE_STDLIB_H 1
| #define HAVE_STRING_H 1
| #define HAVE_MEMORY_H 1
| #define HAVE_STRINGS_H 1
| #define HAVE_INTTYPES_H 1
| #define HAVE_STDINT_H 1
| #define HAVE_UNISTD_H 1
| #define HAVE_SYS_PARAM_H 1
| #define HAVE_SYSLOG_H 1
| #define HAVE_SYS_SYSCTL_H 1
| #define HAVE_DECL_BE32DEC 0
| /* end confdefs.h.  */
| #include <stdio.h>
| #ifdef HAVE_SYS_TYPES_H
| # include <sys/types.h>
| #endif
| #ifdef HAVE_SYS_STAT_H
| # include <sys/stat.h>
| #endif
| #ifdef STDC_HEADERS
| # include <stdlib.h>
| # include <stddef.h>
| #else
| # ifdef HAVE_STDLIB_H
| #  include <stdlib.h>
| # endif
| #endif
| #ifdef HAVE_STRING_H
| # if !defined STDC_HEADERS && defined HAVE_MEMORY_H
| #  include <memory.h>
| # endif
| # include <string.h>
| #endif
| #ifdef HAVE_STRINGS_H
| # include <strings.h>
| #endif
| #ifdef HAVE_INTTYPES_H
| # include <inttypes.h>
| #endif
| #ifdef HAVE_STDINT_H
| # include <stdint.h>
| #endif
| #ifdef HAVE_UNISTD_H
| # include <unistd.h>
| #endif
| #ifdef HAVE_SYS_ENDIAN_H
| #include <sys/endian.h>
| #endif
| 
| 
| int
| main ()
| {
| #ifndef le32dec
| #ifdef __cplusplus
|   (void) le32dec;
| #else
|   (void) le32dec;
| #endif
| #endif
| 
|   ;
|   return 0;
| }
configure:5219: result: no
configure:5234: checking whether be32enc is declared
configure:5234: gcc -std=gnu99 -c -Wa,-q  conftest.c >&5
conftest.c: In function 'main':
conftest.c:71:10: error: 'be32enc' undeclared (first use in this function)
   (void) be32enc;
          ^
conftest.c:71:10: note: each undeclared identifier is reported only once for each function it appears in
configure:5234: $? = 1
configure: failed program was:
| /* confdefs.h */
| #define PACKAGE_NAME "cudaminer"
| #define PACKAGE_TARNAME "cudaminer"
| #define PACKAGE_VERSION "2014.02.28"
| #define PACKAGE_STRING "cudaminer 2014.02.28"
| #define PACKAGE_BUGREPORT ""
| #define PACKAGE_URL ""
| #define PACKAGE "cudaminer"
| #define VERSION "2014.02.28"
| #define STDC_HEADERS 1
| #define HAVE_SYS_TYPES_H 1
| #define HAVE_SYS_STAT_H 1
| #define HAVE_STDLIB_H 1
| #define HAVE_STRING_H 1
| #define HAVE_MEMORY_H 1
| #define HAVE_STRINGS_H 1
| #define HAVE_INTTYPES_H 1
| #define HAVE_STDINT_H 1
| #define HAVE_UNISTD_H 1
| #define HAVE_SYS_PARAM_H 1
| #define HAVE_SYSLOG_H 1
| #define HAVE_SYS_SYSCTL_H 1
| #define HAVE_DECL_BE32DEC 0
| #define HAVE_DECL_LE32DEC 0
| /* end confdefs.h.  */
| #include <stdio.h>
| #ifdef HAVE_SYS_TYPES_H
| # include <sys/types.h>
| #endif
| #ifdef HAVE_SYS_STAT_H
| # include <sys/stat.h>
| #endif
| #ifdef STDC_HEADERS
| # include <stdlib.h>
| # include <stddef.h>
| #else
| # ifdef HAVE_STDLIB_H
| #  include <stdlib.h>
| # endif
| #endif
| #ifdef HAVE_STRING_H
| # if !defined STDC_HEADERS && defined HAVE_MEMORY_H
| #  include <memory.h>
| # endif
| # include <string.h>
| #endif
| #ifdef HAVE_STRINGS_H
| # include <strings.h>
| #endif
| #ifdef HAVE_INTTYPES_H
| # include <inttypes.h>
| #endif
| #ifdef HAVE_STDINT_H
| # include <stdint.h>
| #endif
| #ifdef HAVE_UNISTD_H
| # include <unistd.h>
| #endif
| #ifdef HAVE_SYS_ENDIAN_H
| #include <sys/endian.h>
| #endif
| 
| 
| int
| main ()
| {
| #ifndef be32enc
| #ifdef __cplusplus
|   (void) be32enc;
| #else
|   (void) be32enc;
| #endif
| #endif
| 
|   ;
|   return 0;
| }
configure:5234: result: no
configure:5249: checking whether le32enc is declared
configure:5249: gcc -std=gnu99 -c -Wa,-q  conftest.c >&5
conftest.c: In function 'main':
conftest.c:72:10: error: 'le32enc' undeclared (first use in this function)
   (void) le32enc;
          ^
conftest.c:72:10: note: each undeclared identifier is reported only once for each function it appears in
configure:5249: $? = 1
configure: failed program was:
| /* confdefs.h */
| #define PACKAGE_NAME "cudaminer"
| #define PACKAGE_TARNAME "cudaminer"
| #define PACKAGE_VERSION "2014.02.28"
| #define PACKAGE_STRING "cudaminer 2014.02.28"
| #define PACKAGE_BUGREPORT ""
| #define PACKAGE_URL ""
| #define PACKAGE "cudaminer"
| #define VERSION "2014.02.28"
| #define STDC_HEADERS 1
| #define HAVE_SYS_TYPES_H 1
| #define HAVE_SYS_STAT_H 1
| #define HAVE_STDLIB_H 1
| #define HAVE_STRING_H 1
| #define HAVE_MEMORY_H 1
| #define HAVE_STRINGS_H 1
| #define HAVE_INTTYPES_H 1
| #define HAVE_STDINT_H 1
| #define HAVE_UNISTD_H 1
| #define HAVE_SYS_PARAM_H 1
| #define HAVE_SYSLOG_H 1
| #define HAVE_SYS_SYSCTL_H 1
| #define HAVE_DECL_BE32DEC 0
| #define HAVE_DECL_LE32DEC 0
| #define HAVE_DECL_BE32ENC 0
| /* end confdefs.h.  */
| #include <stdio.h>
| #ifdef HAVE_SYS_TYPES_H
| # include <sys/types.h>
| #endif
| #ifdef HAVE_SYS_STAT_H
| # include <sys/stat.h>
| #endif
| #ifdef STDC_HEADERS
| # include <stdlib.h>
| # include <stddef.h>
| #else
| # ifdef HAVE_STDLIB_H
| #  include <stdlib.h>
| # endif
| #endif
| #ifdef HAVE_STRING_H
| # if !defined STDC_HEADERS && defined HAVE_MEMORY_H
| #  include <memory.h>
| # endif
| # include <string.h>
| #endif
| #ifdef HAVE_STRINGS_H
| # include <strings.h>
| #endif
| #ifdef HAVE_INTTYPES_H
| # include <inttypes.h>
| #endif
| #ifdef HAVE_STDINT_H
| # include <stdint.h>
| #endif
| #ifdef HAVE_UNISTD_H
| # include <unistd.h>
| #endif
| #ifdef HAVE_SYS_ENDIAN_H
| #include <sys/endian.h>
| #endif
| 
| 
| int
| main ()
| {
| #ifndef le32enc
| #ifdef __cplusplus
|   (void) le32enc;
| #else
|   (void) le32enc;
| #endif
| #endif
| 
|   ;
|   return 0;
| }
configure:5249: result: no
configure:5266: checking for size_t
configure:5266: gcc -std=gnu99 -c -Wa,-q  conftest.c >&5
configure:5266: $? = 0
configure:5266: gcc -std=gnu99 -c -Wa,-q  conftest.c >&5
conftest.c: In function 'main':
conftest.c:64:21: error: expected expression before ')' token
 if (sizeof ((size_t)))
                     ^
configure:5266: $? = 1
configure: failed program was:
| /* confdefs.h */
| #define PACKAGE_NAME "cudaminer"
| #define PACKAGE_TARNAME "cudaminer"
| #define PACKAGE_VERSION "2014.02.28"
| #define PACKAGE_STRING "cudaminer 2014.02.28"
| #define PACKAGE_BUGREPORT ""
| #define PACKAGE_URL ""
| #define PACKAGE "cudaminer"
| #define VERSION "2014.02.28"
| #define STDC_HEADERS 1
| #define HAVE_SYS_TYPES_H 1
| #define HAVE_SYS_STAT_H 1
| #define HAVE_STDLIB_H 1
| #define HAVE_STRING_H 1
| #define HAVE_MEMORY_H 1
| #define HAVE_STRINGS_H 1
| #define HAVE_INTTYPES_H 1
| #define HAVE_STDINT_H 1
| #define HAVE_UNISTD_H 1
| #define HAVE_SYS_PARAM_H 1
| #define HAVE_SYSLOG_H 1
| #define HAVE_SYS_SYSCTL_H 1
| #define HAVE_DECL_BE32DEC 0
| #define HAVE_DECL_LE32DEC 0
| #define HAVE_DECL_BE32ENC 0
| #define HAVE_DECL_LE32ENC 0
| /* end confdefs.h.  */
| #include <stdio.h>
| #ifdef HAVE_SYS_TYPES_H
| # include <sys/types.h>
| #endif
| #ifdef HAVE_SYS_STAT_H
| # include <sys/stat.h>
| #endif
| #ifdef STDC_HEADERS
| # include <stdlib.h>
| # include <stddef.h>
| #else
| # ifdef HAVE_STDLIB_H
| #  include <stdlib.h>
| # endif
| #endif
| #ifdef HAVE_STRING_H
| # if !defined STDC_HEADERS && defined HAVE_MEMORY_H
| #  include <memory.h>
| # endif
| # include <string.h>
| #endif
| #ifdef HAVE_STRINGS_H
| # include <strings.h>
| #endif
| #ifdef HAVE_INTTYPES_H
| # include <inttypes.h>
| #endif
| #ifdef HAVE_STDINT_H
| # include <stdint.h>
| #endif
| #ifdef HAVE_UNISTD_H
| # include <unistd.h>
| #endif
| int
| main ()
| {
| if (sizeof ((size_t)))
| 	    return 0;
|   ;
|   return 0;
| }
configure:5266: result: yes
configure:5279: checking for working alloca.h
configure:5296: gcc -std=gnu99 -o conftest -Wa,-q   conftest.c  >&5
configure:5296: $? = 0
configure:5304: result: yes
configure:5312: checking for alloca
configure:5349: gcc -std=gnu99 -o conftest -Wa,-q   conftest.c  >&5
configure:5349: $? = 0
configure:5357: result: yes
configure:5465: checking for getopt_long
configure:5465: gcc -std=gnu99 -o conftest -Wa,-q   conftest.c  >&5
configure:5465: $? = 0
configure:5465: result: yes
configure:5502: checking whether we can compile AVX code
configure:5515: gcc -std=gnu99 -c -Wa,-q  conftest.c >&5
configure:5515: $? = 0
configure:5519: result: yes
configure:5521: checking whether we can compile XOP code
configure:5534: gcc -std=gnu99 -c -Wa,-q  conftest.c >&5
configure:5534: $? = 0
configure:5538: result: yes
configure:5549: checking whether we can compile AVX2 code
configure:5562: gcc -std=gnu99 -c -Wa,-q  conftest.c >&5
configure:5562: $? = 0
configure:5566: result: yes
configure:5588: checking for json_loads in -ljansson
configure:5613: gcc -std=gnu99 -o conftest -Wa,-q   conftest.c -ljansson   >&5
ld: library not found for -ljansson
collect2: error: ld returned 1 exit status
configure:5613: $? = 1
configure: failed program was:
| /* confdefs.h */
| #define PACKAGE_NAME "cudaminer"
| #define PACKAGE_TARNAME "cudaminer"
| #define PACKAGE_VERSION "2014.02.28"
| #define PACKAGE_STRING "cudaminer 2014.02.28"
| #define PACKAGE_BUGREPORT ""
| #define PACKAGE_URL ""
| #define PACKAGE "cudaminer"
| #define VERSION "2014.02.28"
| #define STDC_HEADERS 1
| #define HAVE_SYS_TYPES_H 1
| #define HAVE_SYS_STAT_H 1
| #define HAVE_STDLIB_H 1
| #define HAVE_STRING_H 1
| #define HAVE_MEMORY_H 1
| #define HAVE_STRINGS_H 1
| #define HAVE_INTTYPES_H 1
| #define HAVE_STDINT_H 1
| #define HAVE_UNISTD_H 1
| #define HAVE_SYS_PARAM_H 1
| #define HAVE_SYSLOG_H 1
| #define HAVE_SYS_SYSCTL_H 1
| #define HAVE_DECL_BE32DEC 0
| #define HAVE_DECL_LE32DEC 0
| #define HAVE_DECL_BE32ENC 0
| #define HAVE_DECL_LE32ENC 0
| #define HAVE_ALLOCA_H 1
| #define HAVE_ALLOCA 1
| #define HAVE_GETOPT_LONG 1
| #define USE_AVX 1
| #define USE_XOP 1
| #define USE_AVX2 1
| /* end confdefs.h.  */
| 
| /* Override any GCC internal prototype to avoid an error.
|    Use char because int might match the return type of a GCC
|    builtin and then its argument prototype would still apply.  */
| #ifdef __cplusplus
| extern "C"
| #endif
| char json_loads ();
| int
| main ()
| {
| return json_loads ();
|   ;
|   return 0;
| }
configure:5622: result: no
configure:5630: checking for pthread_create in -lpthread
configure:5655: gcc -std=gnu99 -o conftest -Wa,-q   conftest.c -lpthread   >&5
configure:5655: $? = 0
configure:5664: result: yes
configure:5795: checking for SSL_library_init in -lssl
configure:5820: gcc -std=gnu99 -o conftest -Wa,-q   conftest.c -lssl   >&5
configure:5820: $? = 0
configure:5829: result: yes
configure:5842: checking for EVP_DigestFinal_ex in -lcrypto
configure:5867: gcc -std=gnu99 -o conftest -Wa,-q   conftest.c -lcrypto  -lssl  >&5
configure:5867: $? = 0
configure:5876: result: yes
configure:5977: checking for gawk
configure:6004: result: awk
configure:6066: checking for curl-config
configure:6084: found /Users/jon.boydell/alttools/bin/curl-config
configure:6096: result: /Users/jon.boydell/alttools/bin/curl-config
configure:6107: checking for the version of libcurl
configure:6114: result: 7.40.0
configure:6121: checking for libcurl >= version 7.15.2
configure:6134: result: yes
configure:6175: checking whether libcurl is usable
configure:6209: gcc -std=gnu99 -o conftest -Wa,-q -I/Users/jon.boydell/alttools/include   conftest.c -L/Users/jon.boydell/alttools/lib -lcurl -lrtmp -lssl -lcrypto -lssl -lcrypto -lldap -lz -lcrypto -lssl  >&5
configure:6209: $? = 0
configure:6223: result: yes
configure:6236: checking for curl_free
configure:6236: gcc -std=gnu99 -o conftest -Wa,-q  -I/Users/jon.boydell/alttools/include  conftest.c -lcrypto -lssl  -L/Users/jon.boydell/alttools/lib -lcurl -lrtmp -lssl -lcrypto -lssl -lcrypto -lldap -lz >&5
configure:6236: $? = 0
configure:6236: result: yes
configure:6511: creating ./config.status

## ---------------------- ##
## Running config.status. ##
## ---------------------- ##

This file was extended by cudaminer config.status 2014.02.28, which was
generated by GNU Autoconf 2.69.  Invocation command line was

  CONFIG_FILES    = 
  CONFIG_HEADERS  = 
  CONFIG_LINKS    = 
  CONFIG_COMMANDS = 
  $ ./config.status 

on LON03863

config.status:933: creating Makefile
config.status:933: creating compat/Makefile
config.status:933: creating compat/jansson/Makefile
config.status:933: creating cpuminer-config.h
config.status:1108: cpuminer-config.h is unchanged
config.status:1155: executing depfiles commands

## ---------------- ##
## Cache variables. ##
## ---------------- ##

ac_cv_build=i386-apple-darwin13.4.0
ac_cv_c_compiler_gnu=yes
ac_cv_cxx_compiler_gnu=yes
ac_cv_env_CCASFLAGS_set=
ac_cv_env_CCASFLAGS_value=
ac_cv_env_CCAS_set=
ac_cv_env_CCAS_value=
ac_cv_env_CCC_set=
ac_cv_env_CCC_value=
ac_cv_env_CC_set=
ac_cv_env_CC_value=
ac_cv_env_CFLAGS_set=set
ac_cv_env_CFLAGS_value=-Wa,-q
ac_cv_env_CPPFLAGS_set=
ac_cv_env_CPPFLAGS_value=
ac_cv_env_CPP_set=
ac_cv_env_CPP_value=
ac_cv_env_CXXFLAGS_set=
ac_cv_env_CXXFLAGS_value=
ac_cv_env_CXX_set=
ac_cv_env_CXX_value=
ac_cv_env_LDFLAGS_set=
ac_cv_env_LDFLAGS_value=
ac_cv_env_LIBS_set=
ac_cv_env_LIBS_value=
ac_cv_env_build_alias_set=
ac_cv_env_build_alias_value=
ac_cv_env_host_alias_set=
ac_cv_env_host_alias_value=
ac_cv_env_target_alias_set=
ac_cv_env_target_alias_value=
ac_cv_func_alloca_works=yes
ac_cv_func_curl_free=yes
ac_cv_func_getopt_long=yes
ac_cv_have_decl_be32dec=no
ac_cv_have_decl_be32enc=no
ac_cv_have_decl_le32dec=no
ac_cv_have_decl_le32enc=no
ac_cv_header_inttypes_h=yes
ac_cv_header_memory_h=yes
ac_cv_header_stdc=yes
ac_cv_header_stdint_h=yes
ac_cv_header_stdlib_h=yes
ac_cv_header_string_h=yes
ac_cv_header_strings_h=yes
ac_cv_header_sys_endian_h=no
ac_cv_header_sys_param_h=yes
ac_cv_header_sys_stat_h=yes
ac_cv_header_sys_sysctl_h=yes
ac_cv_header_sys_types_h=yes
ac_cv_header_syslog_h=yes
ac_cv_header_unistd_h=yes
ac_cv_host=i386-apple-darwin13.4.0
ac_cv_lib_crypto_EVP_DigestFinal_ex=yes
ac_cv_lib_jansson_json_loads=no
ac_cv_lib_pthread_pthread_create=yes
ac_cv_lib_ssl_SSL_library_init=yes
ac_cv_objext=o
ac_cv_path_EGREP='/usr/bin/grep -E'
ac_cv_path_GREP=/usr/bin/grep
ac_cv_path__libcurl_config=/Users/jon.boydell/alttools/bin/curl-config
ac_cv_path_install='/usr/bin/install -c'
ac_cv_prog_AWK=awk
ac_cv_prog_CPP='gcc -std=gnu99 -E'
ac_cv_prog_ac_ct_CC=gcc
ac_cv_prog_ac_ct_CXX=g++
ac_cv_prog_ac_ct_RANLIB=ranlib
ac_cv_prog_c_openmp=-fopenmp
ac_cv_prog_cc_c89=
ac_cv_prog_cc_c99=-std=gnu99
ac_cv_prog_cc_g=yes
ac_cv_prog_cc_gcc_c_o=yes
ac_cv_prog_cxx_g=yes
ac_cv_prog_gcc_traditional=no
ac_cv_prog_make_make_set=yes
ac_cv_target=i386-apple-darwin13.4.0
ac_cv_type_size_t=yes
ac_cv_working_alloca_h=yes
am_cv_CC_dependencies_compiler_type=gcc3
am_cv_CXX_dependencies_compiler_type=gcc3
libcurl_cv_lib_curl_usable=yes
libcurl_cv_lib_curl_version=7.40.0
libcurl_cv_lib_version_ok=yes

## ----------------- ##
## Output variables. ##
## ----------------- ##

ACLOCAL='${SHELL} /Users/jon.boydell/Projects/CudaMiner/missing --run aclocal-1.9'
ALLOCA=''
AMDEPBACKSLASH='\'
AMDEP_FALSE='#'
AMDEP_TRUE=''
AMTAR='${SHELL} /Users/jon.boydell/Projects/CudaMiner/missing --run tar'
ARCH_x86_64_FALSE=''
ARCH_x86_64_TRUE='#'
ARCH_x86_FALSE='#'
ARCH_x86_TRUE=''
AUTOCONF='${SHELL} /Users/jon.boydell/Projects/CudaMiner/missing --run autoconf'
AUTOHEADER='${SHELL} /Users/jon.boydell/Projects/CudaMiner/missing --run autoheader'
AUTOMAKE='${SHELL} /Users/jon.boydell/Projects/CudaMiner/missing --run automake-1.9'
AWK='awk'
CC='gcc -std=gnu99'
CCAS='gcc -std=gnu99'
CCASFLAGS='-Wa,-q'
CCDEPMODE='depmode=gcc3'
CFLAGS='-Wa,-q'
CPP='gcc -std=gnu99 -E'
CPPFLAGS=''
CUDA_CFLAGS='-I/Developer/NVIDIA/CUDA-5.5/include'
CUDA_LDFLAGS='-L/Developer/NVIDIA/CUDA-5.5/lib'
CUDA_LIBS='-lcudart'
CXX='g++'
CXXDEPMODE='depmode=gcc3'
CXXFLAGS='-g -O2'
CYGPATH_W='echo'
DEFS='-DHAVE_CONFIG_H'
DEPDIR='.deps'
ECHO_C='\c'
ECHO_N=''
ECHO_T=''
EGREP='/usr/bin/grep -E'
EXEEXT=''
GREP='/usr/bin/grep'
HAVE_WINDOWS_FALSE=''
HAVE_WINDOWS_TRUE='#'
INSTALL_DATA='${INSTALL} -m 644'
INSTALL_PROGRAM='${INSTALL}'
INSTALL_SCRIPT='${INSTALL}'
INSTALL_STRIP_PROGRAM='${SHELL} $(install_sh) -c -s'
JANSSON_LIBS='compat/jansson/libjansson.a'
LDFLAGS=''
LIBCURL='-L/Users/jon.boydell/alttools/lib -lcurl -lrtmp -lssl -lcrypto -lssl -lcrypto -lldap -lz'
LIBCURL_CPPFLAGS='-I/Users/jon.boydell/alttools/include'
LIBOBJS=''
LIBS='-lcrypto -lssl '
LTLIBOBJS=''
MAINT='#'
MAINTAINER_MODE_FALSE=''
MAINTAINER_MODE_TRUE='#'
MAKEINFO='${SHELL} /Users/jon.boydell/Projects/CudaMiner/missing --run makeinfo'
NVCC='/Developer/NVIDIA/CUDA-5.5/bin/nvcc'
OBJEXT='o'
OPENMP_CFLAGS='-fopenmp'
PACKAGE='cudaminer'
PACKAGE_BUGREPORT=''
PACKAGE_NAME='cudaminer'
PACKAGE_STRING='cudaminer 2014.02.28'
PACKAGE_TARNAME='cudaminer'
PACKAGE_URL=''
PACKAGE_VERSION='2014.02.28'
PATH_SEPARATOR=':'
PTHREAD_FLAGS='-pthread'
PTHREAD_LIBS='-lpthread'
RANLIB='ranlib'
SET_MAKE=''
SHELL='/bin/sh'
STRIP=''
VERSION='2014.02.28'
WANT_JANSSON_FALSE='#'
WANT_JANSSON_TRUE=''
WS2_LIBS=''
_libcurl_config=''
ac_ct_CC='gcc'
ac_ct_CXX='g++'
am__fastdepCC_FALSE='#'
am__fastdepCC_TRUE=''
am__fastdepCXX_FALSE='#'
am__fastdepCXX_TRUE=''
am__include='include'
am__leading_dot='.'
am__quote=''
am__tar='${AMTAR} chof - "$$tardir"'
am__untar='${AMTAR} xf -'
bindir='${exec_prefix}/bin'
build='i386-apple-darwin13.4.0'
build_alias=''
build_cpu='i386'
build_os='darwin13.4.0'
build_vendor='apple'
datadir='${datarootdir}'
datarootdir='${prefix}/share'
docdir='${datarootdir}/doc/${PACKAGE_TARNAME}'
dvidir='${docdir}'
exec_prefix='${prefix}'
host='i386-apple-darwin13.4.0'
host_alias=''
host_cpu='i386'
host_os='darwin13.4.0'
host_vendor='apple'
htmldir='${docdir}'
includedir='${prefix}/include'
infodir='${datarootdir}/info'
install_sh='/Users/jon.boydell/Projects/CudaMiner/install-sh'
libdir='${exec_prefix}/lib'
libexecdir='${exec_prefix}/libexec'
localedir='${datarootdir}/locale'
localstatedir='${prefix}/var'
mandir='${datarootdir}/man'
mkdir_p='$(install_sh) -d'
oldincludedir='/usr/include'
pdfdir='${docdir}'
prefix='/usr/local'
program_transform_name='s,x,x,'
psdir='${docdir}'
sbindir='${exec_prefix}/sbin'
sharedstatedir='${prefix}/com'
sysconfdir='${prefix}/etc'
target='i386-apple-darwin13.4.0'
target_alias=''
target_cpu='i386'
target_os='darwin13.4.0'
target_vendor='apple'

## ----------- ##
## confdefs.h. ##
## ----------- ##

/* confdefs.h */
#define PACKAGE_NAME "cudaminer"
#define PACKAGE_TARNAME "cudaminer"
#define PACKAGE_VERSION "2014.02.28"
#define PACKAGE_STRING "cudaminer 2014.02.28"
#define PACKAGE_BUGREPORT ""
#define PACKAGE_URL ""
#define PACKAGE "cudaminer"
#define VERSION "2014.02.28"
#define STDC_HEADERS 1
#define HAVE_SYS_TYPES_H 1
#define HAVE_SYS_STAT_H 1
#define HAVE_STDLIB_H 1
#define HAVE_STRING_H 1
#define HAVE_MEMORY_H 1
#define HAVE_STRINGS_H 1
#define HAVE_INTTYPES_H 1
#define HAVE_STDINT_H 1
#define HAVE_UNISTD_H 1
#define HAVE_SYS_PARAM_H 1
#define HAVE_SYSLOG_H 1
#define HAVE_SYS_SYSCTL_H 1
#define HAVE_DECL_BE32DEC 0
#define HAVE_DECL_LE32DEC 0
#define HAVE_DECL_BE32ENC 0
#define HAVE_DECL_LE32ENC 0
#define HAVE_ALLOCA_H 1
#define HAVE_ALLOCA 1
#define HAVE_GETOPT_LONG 1
#define USE_AVX 1
#define USE_XOP 1
#define USE_AVX2 1
#define HAVE_LIBSSL 1
#define HAVE_LIBCRYPTO 1
#define HAVE_LIBCURL 1
#define LIBCURL_FEATURE_SSL 1
#define LIBCURL_FEATURE_IPV6 1
#define LIBCURL_FEATURE_UNIXSOCKETS 1
#define LIBCURL_FEATURE_LIBZ 1
#define LIBCURL_FEATURE_NTLM 1
#define LIBCURL_FEATURE_NTLM_WB 1
#define LIBCURL_FEATURE_TLS_SRP 1
#define LIBCURL_PROTOCOL_DICT 1
#define LIBCURL_PROTOCOL_FILE 1
#define LIBCURL_PROTOCOL_FTP 1
#define LIBCURL_PROTOCOL_FTPS 1
#define LIBCURL_PROTOCOL_GOPHER 1
#define LIBCURL_PROTOCOL_HTTP 1
#define LIBCURL_PROTOCOL_HTTPS 1
#define LIBCURL_PROTOCOL_IMAP 1
#define LIBCURL_PROTOCOL_IMAPS 1
#define LIBCURL_PROTOCOL_LDAP 1
#define LIBCURL_PROTOCOL_LDAPS 1
#define LIBCURL_PROTOCOL_POP3 1
#define LIBCURL_PROTOCOL_POP3S 1
#define LIBCURL_PROTOCOL_RTMP 1
#define LIBCURL_PROTOCOL_RTSP 1
#define LIBCURL_PROTOCOL_SMB 1
#define LIBCURL_PROTOCOL_SMBS 1
#define LIBCURL_PROTOCOL_SMTP 1
#define LIBCURL_PROTOCOL_SMTPS 1
#define LIBCURL_PROTOCOL_TELNET 1
#define LIBCURL_PROTOCOL_TFTP 1

configure: exit 0
